
> lims-offline-first@0.1.0 build
> next build

   ▲ Next.js 15.5.19
   - Environments: .env.local

   Creating an optimized production build ...
 ⚠ Attempted to load @next/swc-win32-x64-msvc, but an error occurred: \\?\C:\Users\user\Desktop\lab\node_modules\@next\swc-win32-x64-msvc\next-swc.win32-x64-msvc.node is not a valid Win32 application.
\\?\C:\Users\user\Desktop\lab\node_modules\@next\swc-win32-x64-msvc\next-swc.win32-x64-msvc.node
 ⚠ Attempted to load @next/swc-win32-x64-msvc, but an error occurred: \\?\C:\Users\user\Desktop\lab\node_modules\@next\swc-win32-x64-msvc\next-swc.win32-x64-msvc.node is not a valid Win32 application.
\\?\C:\Users\user\Desktop\lab\node_modules\@next\swc-win32-x64-msvc\next-swc.win32-x64-msvc.node
 ⚠ Attempted to load @next/swc-win32-x64-msvc, but an error occurred: \\?\C:\Users\user\Desktop\lab\node_modules\@next\swc-win32-x64-msvc\next-swc.win32-x64-msvc.node is not a valid Win32 application.
\\?\C:\Users\user\Desktop\lab\node_modules\@next\swc-win32-x64-msvc\next-swc.win32-x64-msvc.node
 ✓ Compiled successfully in 33.2s
   Linting and checking validity of types ...

./components/auth-provider.tsx
99:9  Warning: The 'refreshProfile' function makes the dependencies of useMemo Hook (at line 130) change on every render. Move it inside the useMemo callback. Alternatively, wrap the definition of 'refreshProfile' in its own useCallback() Hook.  react-hooks/exhaustive-deps
108:9  Warning: The 'signOut' function makes the dependencies of useMemo Hook (at line 130) change on every render. Move it inside the useMemo callback. Alternatively, wrap the definition of 'signOut' in its own useCallback() Hook.  react-hooks/exhaustive-deps

info  - Need to disable some ESLint rules? Learn more here: https://nextjs.org/docs/app/api-reference/config/eslint#disabling-rules
   Collecting page data ...
 ⚠ Attempted to load @next/swc-win32-x64-msvc, but an error occurred: \\?\C:\Users\user\Desktop\lab\node_modules\@next\swc-win32-x64-msvc\next-swc.win32-x64-msvc.node is not a valid Win32 application.
\\?\C:\Users\user\Desktop\lab\node_modules\@next\swc-win32-x64-msvc\next-swc.win32-x64-msvc.node
   Generating static pages (0/13) ...
   Generating static pages (3/13) 
   Generating static pages (6/13) 
   Generating static pages (9/13) 
 ✓ Generating static pages (13/13)
   Finalizing page optimization ...
   Collecting build traces ...

Route (app)                                 Size  First Load JS
┌ ○ /                                      162 B         106 kB
├ ○ /_not-found                            996 B         103 kB
├ ○ /admin                                 139 B         103 kB
├ ƒ /auth/callback                         139 B         103 kB
├ ○ /billing                               139 B         103 kB
├ ○ /dashboard                             139 B         103 kB
├ ○ /login                               3.29 kB         196 kB
├ ○ /logout                              2.47 kB         179 kB
├ ○ /patients                              139 B         103 kB
├ ○ /register                            3.42 kB         196 kB
└ ○ /results                               139 B         103 kB
+ First Load JS shared by all             102 kB
  ├ chunks/255-98a0bdaa30757bda.js       46.2 kB
  ├ chunks/4bd1b696-c023c6e3521b1417.js  54.2 kB
  └ other shared chunks (total)          1.99 kB


ƒ Middleware                             89.8 kB

○  (Static)   prerendered as static content
ƒ  (Dynamic)  server-rendered on demand

